C:\USERS\MLETHYS\DOCUMENTS\VISUAL STUDIO 2010\PROJECTS\ANGRY NERDS\ANGRY NERDS\DEBUG\ANGRY NERDS.EXE.INTERMEDIATE.MANIFEST
C:\USERS\MLETHYS\DOCUMENTS\VISUAL STUDIO 2010\PROJECTS\ANGRY NERDS\ANGRY NERDS\DEBUG\BACKGROUND.OBJ
C:\USERS\MLETHYS\DOCUMENTS\VISUAL STUDIO 2010\PROJECTS\ANGRY NERDS\ANGRY NERDS\DEBUG\GRAPHIC_OBJECT.OBJ
C:\USERS\MLETHYS\DOCUMENTS\VISUAL STUDIO 2010\PROJECTS\ANGRY NERDS\ANGRY NERDS\DEBUG\MAIN.OBJ
C:\USERS\MLETHYS\DOCUMENTS\VISUAL STUDIO 2010\PROJECTS\ANGRY NERDS\ANGRY NERDS\DEBUG\SCREEN.OBJ
C:\USERS\MLETHYS\DOCUMENTS\VISUAL STUDIO 2010\PROJECTS\ANGRY NERDS\ANGRY NERDS\DEBUG\STATIC_GRAPHIC_OBJECT.OBJ
C:\USERS\MLETHYS\DOCUMENTS\VISUAL STUDIO 2010\PROJECTS\ANGRY NERDS\ANGRY NERDS\DEBUG\VC100.PDB
C:\USERS\MLETHYS\DOCUMENTS\VISUAL STUDIO 2010\PROJECTS\ANGRY NERDS\DEBUG\ANGRY NERDS.EXE
C:\USERS\MLETHYS\DOCUMENTS\VISUAL STUDIO 2010\PROJECTS\ANGRY NERDS\DEBUG\ANGRY NERDS.ILK
C:\USERS\MLETHYS\DOCUMENTS\VISUAL STUDIO 2010\PROJECTS\ANGRY NERDS\DEBUG\ANGRY NERDS.PDB
D:\VISUAL STUDIO DOCUMENTS\ANGRY NERDS\ANGRY NERDS\DEBUG\ANGRY NERDS.EXE.INTERMEDIATE.MANIFEST
D:\VISUAL STUDIO DOCUMENTS\ANGRY NERDS\ANGRY NERDS\DEBUG\BACKGROUND.OBJ
D:\Visual Studio Documents\angry nerds\angry nerds\Debug\cl.command.1.tlog
D:\Visual Studio Documents\angry nerds\angry nerds\Debug\CL.read.1.tlog
D:\Visual Studio Documents\angry nerds\angry nerds\Debug\CL.write.1.tlog
D:\VISUAL STUDIO DOCUMENTS\ANGRY NERDS\ANGRY NERDS\DEBUG\GRAPHIC_OBJECT.OBJ
D:\Visual Studio Documents\angry nerds\angry nerds\Debug\link.command.1.tlog
D:\Visual Studio Documents\angry nerds\angry nerds\Debug\link.read.1.tlog
D:\Visual Studio Documents\angry nerds\angry nerds\Debug\link.write.1.tlog
D:\VISUAL STUDIO DOCUMENTS\ANGRY NERDS\ANGRY NERDS\DEBUG\MAIN.OBJ
D:\VISUAL STUDIO DOCUMENTS\ANGRY NERDS\ANGRY NERDS\DEBUG\MENU.OBJ
D:\Visual Studio Documents\angry nerds\angry nerds\Debug\mt.command.1.tlog
D:\Visual Studio Documents\angry nerds\angry nerds\Debug\mt.read.1.tlog
D:\Visual Studio Documents\angry nerds\angry nerds\Debug\mt.write.1.tlog
D:\VISUAL STUDIO DOCUMENTS\ANGRY NERDS\ANGRY NERDS\DEBUG\SCREEN.OBJ
D:\VISUAL STUDIO DOCUMENTS\ANGRY NERDS\ANGRY NERDS\DEBUG\STATIC_GRAPHIC_OBJECT.OBJ
D:\Visual Studio Documents\angry nerds\angry nerds\Debug\vc100.idb
D:\VISUAL STUDIO DOCUMENTS\ANGRY NERDS\ANGRY NERDS\DEBUG\VC100.PDB
D:\VISUAL STUDIO DOCUMENTS\ANGRY NERDS\DEBUG\ANGRY NERDS.EXE
D:\VISUAL STUDIO DOCUMENTS\ANGRY NERDS\DEBUG\ANGRY NERDS.ILK
D:\VISUAL STUDIO DOCUMENTS\ANGRY NERDS\DEBUG\ANGRY NERDS.PDB
