Build started 2014-03-06 16:29:11.
     1>Project "C:\Users\mlethys\Documents\Visual Studio 2010\Projects\angry_nerds\angry nerds\angry nerds.vcxproj" on node 2 (build target(s)).
     1>InitializeBuildStatus:
         Creating "Debug\angry nerds.unsuccessfulbuild" because "AlwaysCreate" was specified.
       ClCompile:
         D:\Visual Studio\VC\bin\CL.exe /c /ZI /nologo /W3 /WX- /Od /Oy- /D _MBCS /Gm /EHsc /RTC1 /MDd /GS /fp:precise /Zc:wchar_t /Zc:forScope /Fo"Debug\\" /Fd"Debug\vc100.pdb" /Gd /TP /analyze- /errorReport:prompt Arena.cpp Back.cpp Background.cpp Character.cpp Chars_menu.cpp Char_p1.cpp Char_p2.cpp Credits.cpp Gameplay.cpp Graphic_object.cpp main.cpp Menu.cpp Options.cpp Screen.cpp Timer.cpp
         Timer.cpp
         Screen.cpp
         Options.cpp
         Menu.cpp
         main.cpp
         Graphic_object.cpp
         Gameplay.cpp
         Credits.cpp
         Char_p2.cpp
         Char_p1.cpp
         Chars_menu.cpp
         Character.cpp
         Background.cpp
         Back.cpp
         Arena.cpp
         Generating Code...
       Link:
         D:\Visual Studio\VC\bin\link.exe /ERRORREPORT:PROMPT /OUT:"C:\Users\mlethys\Documents\Visual Studio 2010\Projects\angry_nerds\Debug\angry nerds.exe" /NOLOGO SDL.lib SDLmain.lib SDL_image.lib kernel32.lib user32.lib gdi32.lib winspool.lib comdlg32.lib advapi32.lib shell32.lib ole32.lib oleaut32.lib uuid.lib odbc32.lib odbccp32.lib /MANIFEST /ManifestFile:"Debug\angry nerds.exe.intermediate.manifest" /MANIFESTUAC:"level='asInvoker' uiAccess='false'" /DEBUG /PDB:"C:\Users\mlethys\Documents\Visual Studio 2010\Projects\angry_nerds\Debug\angry nerds.pdb" /SUBSYSTEM:WINDOWS /TLBID:1 /DYNAMICBASE /NXCOMPAT /IMPLIB:"C:\Users\mlethys\Documents\Visual Studio 2010\Projects\angry_nerds\Debug\angry nerds.lib" /MACHINE:X86 Debug\Arena.obj
         Debug\Back.obj
         Debug\Background.obj
         Debug\Character.obj
         Debug\Chars_menu.obj
         Debug\Char_p1.obj
         Debug\Char_p2.obj
         Debug\Credits.obj
         Debug\Gameplay.obj
         Debug\Graphic_object.obj
         Debug\main.obj
         Debug\Menu.obj
         Debug\Options.obj
         Debug\Screen.obj
         Debug\Timer.obj
         LINK : C:\Users\mlethys\Documents\Visual Studio 2010\Projects\angry_nerds\Debug\angry nerds.exe not found or not built by the last incremental link; performing full link
     1>MSVCRTD.lib(cinitexe.obj) : warning LNK4098: defaultlib 'msvcrt.lib' conflicts with use of other libs; use /NODEFAULTLIB:library
         angry nerds.vcxproj -> C:\Users\mlethys\Documents\Visual Studio 2010\Projects\angry_nerds\Debug\angry nerds.exe
       Manifest:
         C:\Program Files (x86)\Microsoft SDKs\Windows\v7.0A\bin\mt.exe /nologo /verbose /outputresource:"C:\Users\mlethys\Documents\Visual Studio 2010\Projects\angry_nerds\Debug\angry nerds.exe;#1" /manifest "Debug\angry nerds.exe.intermediate.manifest"
       FinalizeBuildStatus:
         Deleting file "Debug\angry nerds.unsuccessfulbuild".
         Touching "Debug\angry nerds.lastbuildstate".
     1>Done Building Project "C:\Users\mlethys\Documents\Visual Studio 2010\Projects\angry_nerds\angry nerds\angry nerds.vcxproj" (build target(s)).

Build succeeded.

Time Elapsed 00:00:24.73
